<?xml version="1.0" encoding="UTF-8"?>
<testng-results skipped="0" failed="0" ignored="0" total="1" passed="1">
  <reporter-output>
  </reporter-output>
  <suite name="bankingHybridFrameworkv1" duration-ms="28330" started-at="2020-11-13T07:19:26Z" finished-at="2020-11-13T07:19:55Z">
    <groups>
    </groups>
    <test name="BankingApp Test" duration-ms="28330" started-at="2020-11-13T07:19:26Z" finished-at="2020-11-13T07:19:55Z">
      <class name="com.banking.testCases.TC_AddCustomerTest_003">
        <test-method status="PASS" signature="setup(java.lang.String)[pri:0, instance:com.banking.testCases.TC_AddCustomerTest_003@3d24753a]" name="setup" is-config="true" duration-ms="11177" started-at="2020-11-13T07:19:26Z" finished-at="2020-11-13T07:19:38Z">
          <params>
            <param index="0">
              <value>
                <![CDATA[Chrome]]>
              </value>
            </param>
          </params>
          <reporter-output>
          </reporter-output>
        </test-method> <!-- setup -->
        <test-method status="PASS" signature="addNewCustomer()[pri:0, instance:com.banking.testCases.TC_AddCustomerTest_003@3d24753a]" name="addNewCustomer" duration-ms="16170" started-at="2020-11-13T07:19:38Z" finished-at="2020-11-13T07:19:54Z">
          <reporter-output>
          </reporter-output>
        </test-method> <!-- addNewCustomer -->
        <test-method status="PASS" signature="teardown()[pri:0, instance:com.banking.testCases.TC_AddCustomerTest_003@3d24753a]" name="teardown" is-config="true" duration-ms="630" started-at="2020-11-13T07:19:54Z" finished-at="2020-11-13T07:19:55Z">
          <reporter-output>
          </reporter-output>
        </test-method> <!-- teardown -->
      </class> <!-- com.banking.testCases.TC_AddCustomerTest_003 -->
    </test> <!-- BankingApp Test -->
  </suite> <!-- bankingHybridFrameworkv1 -->
</testng-results>
