<?xml version="1.0" encoding="UTF-8"?>
<testng-results skipped="0" failed="0" ignored="0" total="1" passed="1">
  <reporter-output>
  </reporter-output>
  <suite name="bankingHybridFrameworkv1" duration-ms="29226" started-at="2020-11-07T18:55:02Z" finished-at="2020-11-07T18:55:31Z">
    <groups>
    </groups>
    <test name="BankingApp Test" duration-ms="29226" started-at="2020-11-07T18:55:02Z" finished-at="2020-11-07T18:55:31Z">
      <class name="com.banking.testCases.TC_AddCustomerTest_003">
        <test-method status="PASS" signature="setup(java.lang.String)[pri:0, instance:com.banking.testCases.TC_AddCustomerTest_003@146ba0ac]" name="setup" is-config="true" duration-ms="12404" started-at="2020-11-07T18:55:02Z" finished-at="2020-11-07T18:55:15Z">
          <params>
            <param index="0">
              <value>
                <![CDATA[Chrome]]>
              </value>
            </param>
          </params>
          <reporter-output>
          </reporter-output>
        </test-method> <!-- setup -->
        <test-method status="PASS" signature="addNewCustomer()[pri:0, instance:com.banking.testCases.TC_AddCustomerTest_003@146ba0ac]" name="addNewCustomer" duration-ms="15730" started-at="2020-11-07T18:55:15Z" finished-at="2020-11-07T18:55:30Z">
          <reporter-output>
          </reporter-output>
        </test-method> <!-- addNewCustomer -->
        <test-method status="PASS" signature="teardown()[pri:0, instance:com.banking.testCases.TC_AddCustomerTest_003@146ba0ac]" name="teardown" is-config="true" duration-ms="738" started-at="2020-11-07T18:55:30Z" finished-at="2020-11-07T18:55:31Z">
          <reporter-output>
          </reporter-output>
        </test-method> <!-- teardown -->
      </class> <!-- com.banking.testCases.TC_AddCustomerTest_003 -->
    </test> <!-- BankingApp Test -->
  </suite> <!-- bankingHybridFrameworkv1 -->
</testng-results>
